# JRE version: Java(TM) SE Runtime Environment 18.9 (11.0.9+7) (build 11.0.9+7-LTS)
# Java VM: Java HotSpot(TM) 64-Bit Server VM 18.9 (11.0.9+7-LTS, mixed mode, tiered, compressed oops, g1 gc, windows-amd64)
Heap:
 garbage-first heap   total 27648K, used 11344K [0x0000000703000000, 0x0000000800000000)
  region size 1024K, 4 young (4096K), 2 survivors (2048K)
 Metaspace       used 17752K, capacity 18229K, committed 18432K, reserved 1064960K
  class space    used 1762K, capacity 1929K, committed 2048K, reserved 1048576K
GC Heap History (10 events):
Event: 0.977 GC heap before
{Heap before GC invocations=5 (full 1):
 garbage-first heap   total 17408K, used 9461K [0x0000000703000000, 0x0000000800000000)
  region size 1024K, 5 young (5120K), 1 survivors (1024K)
 Metaspace       used 8084K, capacity 8243K, committed 8576K, reserved 1056768K
  class space    used 724K, capacity 782K, committed 896K, reserved 1048576K
}
Event: 0.980 GC heap after
{Heap after GC invocations=6 (full 1):
 garbage-first heap   total 17408K, used 5701K [0x0000000703000000, 0x0000000800000000)
  region size 1024K, 1 young (1024K), 1 survivors (1024K)
 Metaspace       used 8084K, capacity 8243K, committed 8576K, reserved 1056768K
  class space    used 724K, capacity 782K, committed 896K, reserved 1048576K
}
Event: 0.994 GC heap before
{Heap before GC invocations=6 (full 1):
 garbage-first heap   total 17408K, used 9797K [0x0000000703000000, 0x0000000800000000)
  region size 1024K, 5 young (5120K), 1 survivors (1024K)
 Metaspace       used 8085K, capacity 8243K, committed 8576K, reserved 1056768K
  class space    used 724K, capacity 782K, committed 896K, reserved 1048576K
}
Event: 1.000 GC heap after
{Heap after GC invocations=7 (full 1):
 garbage-first heap   total 139264K, used 6167K [0x0000000703000000, 0x0000000800000000)
  region size 1024K, 1 young (1024K), 1 survivors (1024K)
 Metaspace       used 8085K, capacity 8243K, committed 8576K, reserved 1056768K
  class space    used 724K, capacity 782K, committed 896K, reserved 1048576K
}
Event: 1.140 GC heap before
{Heap before GC invocations=7 (full 1):
 garbage-first heap   total 139264K, used 21527K [0x0000000703000000, 0x0000000800000000)
  region size 1024K, 17 young (17408K), 1 survivors (1024K)
 Metaspace       used 8156K, capacity 8308K, committed 8576K, reserved 1056768K
  class space    used 727K, capacity 782K, committed 896K, reserved 1048576K
}
Event: 1.163 GC heap after
{Heap after GC invocations=8 (full 2):
 garbage-first heap   total 27648K, used 7439K [0x0000000703000000, 0x0000000800000000)
  region size 1024K, 0 young (0K), 0 survivors (0K)
 Metaspace       used 8156K, capacity 8308K, committed 8576K, reserved 1056768K
  class space    used 727K, capacity 782K, committed 896K, reserved 1048576K
}
Event: 1.764 GC heap before
{Heap before GC invocations=8 (full 2):
 garbage-first heap   total 27648K, used 14607K [0x0000000703000000, 0x0000000800000000)
  region size 1024K, 7 young (7168K), 0 survivors (0K)
 Metaspace       used 12763K, capacity 13076K, committed 13184K, reserved 1060864K
  class space    used 1222K, capacity 1338K, committed 1408K, reserved 1048576K
}
Event: 1.770 GC heap after
{Heap after GC invocations=9 (full 2):
 garbage-first heap   total 27648K, used 9170K [0x0000000703000000, 0x0000000800000000)
  region size 1024K, 1 young (1024K), 1 survivors (1024K)
 Metaspace       used 12763K, capacity 13076K, committed 13184K, reserved 1060864K
  class space    used 1222K, capacity 1338K, committed 1408K, reserved 1048576K
}
Event: 3.027 GC heap before
{Heap before GC invocations=9 (full 2):
 garbage-first heap   total 27648K, used 17362K [0x0000000703000000, 0x0000000800000000)
  region size 1024K, 9 young (9216K), 1 survivors (1024K)
 Metaspace       used 17250K, capacity 17671K, committed 17792K, reserved 1064960K
  class space    used 1709K, capacity 1873K, committed 1920K, reserved 1048576K
}
Event: 3.034 GC heap after
{Heap after GC invocations=10 (full 2):
 garbage-first heap   total 27648K, used 10320K [0x0000000703000000, 0x0000000800000000)
  region size 1024K, 2 young (2048K), 2 survivors (2048K)
 Metaspace       used 17250K, capacity 17671K, committed 17792K, reserved 1064960K
  class space    used 1709K, capacity 1873K, committed 1920K, reserved 1048576K
}

